# JRE version: OpenJDK Runtime Environment Corretto-11.0.20.8.1 (11.0.20+8) (build 11.0.20+8-LTS)
# Java VM: OpenJDK 64-Bit Server VM Corretto-11.0.20.8.1 (11.0.20+8-LTS, mixed mode, tiered, compressed oops, g1 gc, windows-amd64)
Heap:
 garbage-first heap   total 520192K, used 63790K [0x0000000605200000, 0x0000000800000000)
  region size 2048K, 28 young (57344K), 8 survivors (16384K)
 Metaspace       used 38546K, capacity 40009K, committed 40112K, reserved 1085440K
  class space    used 4425K, capacity 5075K, committed 5120K, reserved 1048576K
GC Heap History (6 events):
Event: 0.351 GC heap before
{Heap before GC invocations=0 (full 0):
 garbage-first heap   total 520192K, used 22528K [0x0000000605200000, 0x0000000800000000)
  region size 2048K, 12 young (24576K), 0 survivors (0K)
 Metaspace       used 9053K, capacity 9301K, committed 9472K, reserved 1058816K
  class space    used 872K, capacity 976K, committed 1024K, reserved 1048576K
}
Event: 0.353 GC heap after
{Heap after GC invocations=1 (full 0):
 garbage-first heap   total 520192K, used 2155K [0x0000000605200000, 0x0000000800000000)
  region size 2048K, 2 young (4096K), 2 survivors (4096K)
 Metaspace       used 9053K, capacity 9301K, committed 9472K, reserved 1058816K
  class space    used 872K, capacity 976K, committed 1024K, reserved 1048576K
}
Event: 1.719 GC heap before
{Heap before GC invocations=1 (full 0):
 garbage-first heap   total 520192K, used 47211K [0x0000000605200000, 0x0000000800000000)
  region size 2048K, 25 young (51200K), 2 survivors (4096K)
 Metaspace       used 20699K, capacity 21285K, committed 21296K, reserved 1069056K
  class space    used 2422K, capacity 2684K, committed 2688K, reserved 1048576K
}
Event: 1.724 GC heap after
{Heap after GC invocations=2 (full 0):
 garbage-first heap   total 520192K, used 8509K [0x0000000605200000, 0x0000000800000000)
  region size 2048K, 5 young (10240K), 5 survivors (10240K)
 Metaspace       used 20699K, capacity 21285K, committed 21296K, reserved 1069056K
  class space    used 2422K, capacity 2684K, committed 2688K, reserved 1048576K
}
Event: 767.695 GC heap before
{Heap before GC invocations=3 (full 0):
 garbage-first heap   total 520192K, used 127293K [0x0000000605200000, 0x0000000800000000)
  region size 2048K, 61 young (124928K), 5 survivors (10240K)
 Metaspace       used 34469K, capacity 35873K, committed 35920K, reserved 1081344K
  class space    used 4026K, capacity 4594K, committed 4608K, reserved 1048576K
}
Event: 767.706 GC heap after
{Heap after GC invocations=4 (full 0):
 garbage-first heap   total 520192K, used 16686K [0x0000000605200000, 0x0000000800000000)
  region size 2048K, 8 young (16384K), 8 survivors (16384K)
 Metaspace       used 34469K, capacity 35873K, committed 35920K, reserved 1081344K
  class space    used 4026K, capacity 4594K, committed 4608K, reserved 1048576K
}

