# JRE version: OpenJDK Runtime Environment Corretto-11.0.20.8.1 (11.0.20+8) (build 11.0.20+8-LTS)
# Java VM: OpenJDK 64-Bit Server VM Corretto-11.0.20.8.1 (11.0.20+8-LTS, mixed mode, tiered, compressed oops, g1 gc, windows-amd64)
Heap:
 garbage-first heap   total 520192K, used 40631K [0x0000000605200000, 0x0000000800000000)
  region size 2048K, 16 young (32768K), 7 survivors (14336K)
 Metaspace       used 37130K, capacity 38651K, committed 38832K, reserved 1083392K
  class space    used 4403K, capacity 5062K, committed 5120K, reserved 1048576K
GC Heap History (6 events):
Event: 0.320 GC heap before
{Heap before GC invocations=0 (full 0):
 garbage-first heap   total 520192K, used 22528K [0x0000000605200000, 0x0000000800000000)
  region size 2048K, 12 young (24576K), 0 survivors (0K)
 Metaspace       used 9040K, capacity 9301K, committed 9472K, reserved 1058816K
  class space    used 873K, capacity 976K, committed 1024K, reserved 1048576K
}
Event: 0.322 GC heap after
{Heap after GC invocations=1 (full 0):
 garbage-first heap   total 520192K, used 2159K [0x0000000605200000, 0x0000000800000000)
  region size 2048K, 2 young (4096K), 2 survivors (4096K)
 Metaspace       used 9040K, capacity 9301K, committed 9472K, reserved 1058816K
  class space    used 873K, capacity 976K, committed 1024K, reserved 1048576K
}
Event: 1.560 GC heap before
{Heap before GC invocations=1 (full 0):
 garbage-first heap   total 520192K, used 47215K [0x0000000605200000, 0x0000000800000000)
  region size 2048K, 25 young (51200K), 2 survivors (4096K)
 Metaspace       used 20709K, capacity 21285K, committed 21296K, reserved 1069056K
  class space    used 2430K, capacity 2684K, committed 2688K, reserved 1048576K
}
Event: 1.564 GC heap after
{Heap after GC invocations=2 (full 0):
 garbage-first heap   total 520192K, used 8853K [0x0000000605200000, 0x0000000800000000)
  region size 2048K, 5 young (10240K), 5 survivors (10240K)
 Metaspace       used 20709K, capacity 21285K, committed 21296K, reserved 1069056K
  class space    used 2430K, capacity 2684K, committed 2688K, reserved 1048576K
}
Event: 22.356 GC heap before
{Heap before GC invocations=3 (full 0):
 garbage-first heap   total 520192K, used 72341K [0x0000000605200000, 0x0000000800000000)
  region size 2048K, 34 young (69632K), 5 survivors (10240K)
 Metaspace       used 34422K, capacity 35788K, committed 35888K, reserved 1081344K
  class space    used 4115K, capacity 4696K, committed 4736K, reserved 1048576K
}
Event: 22.364 GC heap after
{Heap after GC invocations=4 (full 0):
 garbage-first heap   total 520192K, used 16055K [0x0000000605200000, 0x0000000800000000)
  region size 2048K, 7 young (14336K), 7 survivors (14336K)
 Metaspace       used 34422K, capacity 35788K, committed 35888K, reserved 1081344K
  class space    used 4115K, capacity 4696K, committed 4736K, reserved 1048576K
}

